<html>
<head>
<title>TestNG:  TACXAutomation</title>
<link href="../testng.css" rel="stylesheet" type="text/css" />
<link href="../my-testng.css" rel="stylesheet" type="text/css" />

<style type="text/css">
.log { display: none;} 
.stack-trace { display: none;} 
</style>
<script type="text/javascript">
<!--
function flip(e) {
  current = e.style.display;
  if (current == 'block') {
    e.style.display = 'none';
    return 0;
  }
  else {
    e.style.display = 'block';
    return 1;
  }
}

function toggleBox(szDivId, elem, msg1, msg2)
{
  var res = -1;  if (document.getElementById) {
    res = flip(document.getElementById(szDivId));
  }
  else if (document.all) {
    // this is the way old msie versions work
    res = flip(document.all[szDivId]);
  }
  if(elem) {
    if(res == 0) elem.innerHTML = msg1; else elem.innerHTML = msg2;
  }

}

function toggleAllBoxes() {
  if (document.getElementsByTagName) {
    d = document.getElementsByTagName('div');
    for (i = 0; i < d.length; i++) {
      if (d[i].className == 'log') {
        flip(d[i]);
      }
    }
  }
}

// -->
</script>

</head>
<body>
<h2 align='center'>TACXAutomation</h2><table border='1' align="center">
<tr>
<td>Tests passed/Failed/Skipped:</td><td>7/0/0</td>
</tr><tr>
<td>Started on:</td><td>Thu Feb 27 19:05:31 CET 2020</td>
</tr>
<tr><td>Total time:</td><td>415 seconds (415915 ms)</td>
</tr><tr>
<td>Included groups:</td><td></td>
</tr><tr>
<td>Excluded groups:</td><td></td>
</tr>
</table><p/>
<small><i>(Hover the method name to see the test class name)</i></small><p/>
<table width='100%' border='1' class='invocation-failed'>
<tr><td colspan='4' align='center'><b>FAILED TESTS</b></td></tr>
<tr><td><b>Test method</b></td>
<td width="30%"><b>Exception</b></td>
<td width="10%"><b>Time (seconds)</b></td>
<td><b>Instance</b></td>
</tr>
<tr>
<td title='tests.SmokeValidRegisteredTest.RideStopvalidation()'><b>RideStopvalidation</b><br>Test class: tests.SmokeValidRegisteredTest<br/>
<a href="#Output-1943855334" onClick='toggleBox("Output-1943855334", this, "Show output", "Hide output");'>Show output</a>

<a href="#Output-1943855334" onClick="toggleAllBoxes();">Show all outputs</a>
<div class='log' id="Output-1943855334">
Tacx Ride stop validation Test<br/>
</div>
</td>
<td><div><pre>java.lang.AssertionError: null
	at tests.SmokeValidRegisteredTest.RideStopvalidation(SmokeValidRegisteredTest.java:256)
	at java.util.ArrayList.forEach(ArrayList.java:1257)
... Removed 29 stack frames</pre></div><a href='#' onClick='toggleBox("stack-trace1943855334", this, "Click to show all stack frames", "Click to hide stack frames")'>Click to show all stack frames</a>
<div class='stack-trace' id='stack-trace1943855334'><pre>java.lang.AssertionError: null
	at org.testng.Assert.fail(Assert.java:97)
	at org.testng.Assert.fail(Assert.java:102)
	at tests.SmokeValidRegisteredTest.RideStopvalidation(SmokeValidRegisteredTest.java:256)
	at sun.reflect.NativeMethodAccessorImpl.invoke0(Native Method)
	at sun.reflect.NativeMethodAccessorImpl.invoke(NativeMethodAccessorImpl.java:62)
	at sun.reflect.DelegatingMethodAccessorImpl.invoke(DelegatingMethodAccessorImpl.java:43)
	at java.lang.reflect.Method.invoke(Method.java:498)
	at org.testng.internal.MethodInvocationHelper.invokeMethod(MethodInvocationHelper.java:134)
	at org.testng.internal.TestInvoker.invokeMethod(TestInvoker.java:597)
	at org.testng.internal.TestInvoker.invokeTestMethod(TestInvoker.java:173)
	at org.testng.internal.MethodRunner.runInSequence(MethodRunner.java:46)
	at org.testng.internal.TestInvoker$MethodInvocationAgent.invoke(TestInvoker.java:816)
	at org.testng.internal.TestInvoker.invokeTestMethods(TestInvoker.java:146)
	at org.testng.internal.TestMethodWorker.invokeTestMethods(TestMethodWorker.java:146)
	at org.testng.internal.TestMethodWorker.run(TestMethodWorker.java:128)
	at java.util.ArrayList.forEach(ArrayList.java:1257)
	at org.testng.TestRunner.privateRun(TestRunner.java:766)
	at org.testng.TestRunner.run(TestRunner.java:587)
	at org.testng.SuiteRunner.runTest(SuiteRunner.java:384)
	at org.testng.SuiteRunner.runSequentially(SuiteRunner.java:378)
	at org.testng.SuiteRunner.privateRun(SuiteRunner.java:337)
	at org.testng.SuiteRunner.run(SuiteRunner.java:286)
	at org.testng.SuiteRunnerWorker.runSuite(SuiteRunnerWorker.java:53)
	at org.testng.SuiteRunnerWorker.run(SuiteRunnerWorker.java:96)
	at org.testng.TestNG.runSuitesSequentially(TestNG.java:1187)
	at org.testng.TestNG.runSuitesLocally(TestNG.java:1109)
	at org.testng.TestNG.runSuites(TestNG.java:1039)
	at org.testng.TestNG.run(TestNG.java:1007)
	at org.testng.remote.AbstractRemoteTestNG.run(AbstractRemoteTestNG.java:115)
	at org.testng.remote.RemoteTestNG.initAndRun(RemoteTestNG.java:251)
	at org.testng.remote.RemoteTestNG.main(RemoteTestNG.java:77)
</pre></div></td>
<td>44</td>
<td>tests.SmokeValidRegisteredTest@1e9e725a</td></tr>
<tr>
<td title='tests.SmokeValidRegisteredTest.RideStopvalidation()'><b>RideStopvalidation</b><br>Test class: tests.SmokeValidRegisteredTest</td>
<td><div><pre>java.lang.NullPointerException
	at extentlisteners.ExtentManager.captureScreenshot(ExtentManager.java:53)
	at extentlisteners.ExtentListeners.onTestFailure(ExtentListeners.java:63)
	at java.util.ArrayList.forEach(ArrayList.java:1257)
... Removed 24 stack frames</pre></div><a href='#' onClick='toggleBox("stack-trace1262110193", this, "Click to show all stack frames", "Click to hide stack frames")'>Click to show all stack frames</a>
<div class='stack-trace' id='stack-trace1262110193'><pre>java.lang.NullPointerException
	at extentlisteners.ExtentManager.captureScreenshot(ExtentManager.java:53)
	at extentlisteners.ExtentListeners.onTestFailure(ExtentListeners.java:63)
	at org.testng.internal.TestListenerHelper.runTestListeners(TestListenerHelper.java:66)
	at org.testng.internal.TestInvoker.runTestResultListener(TestInvoker.java:219)
	at org.testng.internal.TestInvoker.invokeMethod(TestInvoker.java:651)
	at org.testng.internal.TestInvoker.invokeTestMethod(TestInvoker.java:173)
	at org.testng.internal.MethodRunner.runInSequence(MethodRunner.java:46)
	at org.testng.internal.TestInvoker$MethodInvocationAgent.invoke(TestInvoker.java:816)
	at org.testng.internal.TestInvoker.invokeTestMethods(TestInvoker.java:146)
	at org.testng.internal.TestMethodWorker.invokeTestMethods(TestMethodWorker.java:146)
	at org.testng.internal.TestMethodWorker.run(TestMethodWorker.java:128)
	at java.util.ArrayList.forEach(ArrayList.java:1257)
	at org.testng.TestRunner.privateRun(TestRunner.java:766)
	at org.testng.TestRunner.run(TestRunner.java:587)
	at org.testng.SuiteRunner.runTest(SuiteRunner.java:384)
	at org.testng.SuiteRunner.runSequentially(SuiteRunner.java:378)
	at org.testng.SuiteRunner.privateRun(SuiteRunner.java:337)
	at org.testng.SuiteRunner.run(SuiteRunner.java:286)
	at org.testng.SuiteRunnerWorker.runSuite(SuiteRunnerWorker.java:53)
	at org.testng.SuiteRunnerWorker.run(SuiteRunnerWorker.java:96)
	at org.testng.TestNG.runSuitesSequentially(TestNG.java:1187)
	at org.testng.TestNG.runSuitesLocally(TestNG.java:1109)
	at org.testng.TestNG.runSuites(TestNG.java:1039)
	at org.testng.TestNG.run(TestNG.java:1007)
	at org.testng.remote.AbstractRemoteTestNG.run(AbstractRemoteTestNG.java:115)
	at org.testng.remote.RemoteTestNG.initAndRun(RemoteTestNG.java:251)
	at org.testng.remote.RemoteTestNG.main(RemoteTestNG.java:77)
</pre></div></td>
<td>44</td>
<td>tests.SmokeValidRegisteredTest@1e9e725a</td></tr>
</table><p>
<table width='100%' border='1' class='invocation-passed'>
<tr><td colspan='4' align='center'><b>PASSED TESTS</b></td></tr>
<tr><td><b>Test method</b></td>
<td width="30%"><b>Exception</b></td>
<td width="10%"><b>Time (seconds)</b></td>
<td><b>Instance</b></td>
</tr>
<tr>
<td title='tests.SmokeValidRegisteredTest.DemoTripValidation()'><b>DemoTripValidation</b><br>Test class: tests.SmokeValidRegisteredTest<br/>
<a href="#Output-806813022" onClick='toggleBox("Output-806813022", this, "Show output", "Hide output");'>Show output</a>

<a href="#Output-806813022" onClick="toggleAllBoxes();">Show all outputs</a>
<div class='log' id="Output-806813022">
Demo Trip validation Test<br/>
Demo Started by User<br/>
Training Screen is displayed<br/>
Training started :Awaiting new trip..<br/>
Start now option is displayed to user in trip<br/>
Trip Started by User<br/>
</div>
</td>
<td></td>
<td>12</td>
<td>tests.SmokeValidRegisteredTest@1e9e725a</td></tr>
<tr>
<td title='tests.SmokeValidRegisteredTest.HomePageValidation()'><b>HomePageValidation</b><br>Test class: tests.SmokeValidRegisteredTest<br/>
<a href="#Output-1647946662" onClick='toggleBox("Output-1647946662", this, "Show output", "Hide output");'>Show output</a>

<a href="#Output-1647946662" onClick="toggleAllBoxes();">Show all outputs</a>
<div class='log' id="Output-1647946662">
Running HomePAge validation test<br/>
User Skipped the tacx tutorial screen<br/>
User loggedIn displayed with Tacx logo :true<br/>
New Ride tab is Displayed on Home Screen<br/>
</div>
</td>
<td></td>
<td>8</td>
<td>tests.SmokeValidRegisteredTest@1e9e725a</td></tr>
<tr>
<td title='tests.SmokeValidRegisteredTest.LocationSearchValidation()'><b>LocationSearchValidation</b><br>Test class: tests.SmokeValidRegisteredTest<br/>
<a href="#Output-1962266146" onClick='toggleBox("Output-1962266146", this, "Show output", "Hide output");'>Show output</a>

<a href="#Output-1962266146" onClick="toggleAllBoxes();">Show all outputs</a>
<div class='log' id="Output-1962266146">
Search Result validation Test<br/>
User searched with city name as :koppenberg<br/>
Search result displayed with selected location<br/>
User selected the search result<br/>
</div>
</td>
<td></td>
<td>3</td>
<td>tests.SmokeValidRegisteredTest@1e9e725a</td></tr>
<tr>
<td title='tests.SmokeValidRegisteredTest.LoginValidation()'><b>LoginValidation</b><br>Test class: tests.SmokeValidRegisteredTest<br/>
<a href="#Output-728943498" onClick='toggleBox("Output-728943498", this, "Show output", "Hide output");'>Show output</a>

<a href="#Output-728943498" onClick="toggleAllBoxes();">Show all outputs</a>
<div class='log' id="Output-728943498">
Running Login screen validation Test<br/>
Tacx logo is displayed :true<br/>
User has entered EmailAddress<br/>
User has entered password<br/>
User has clicked on login button<br/>
</div>
</td>
<td></td>
<td>14</td>
<td>tests.SmokeValidRegisteredTest@1e9e725a</td></tr>
<tr>
<td title='tests.SmokeValidRegisteredTest.NewRideValidation()'><b>NewRideValidation</b><br>Test class: tests.SmokeValidRegisteredTest<br/>
<a href="#Output-108449608" onClick='toggleBox("Output-108449608", this, "Show output", "Hide output");'>Show output</a>

<a href="#Output-108449608" onClick="toggleAllBoxes();">Show all outputs</a>
<div class='log' id="Output-108449608">
New Ride Section validation Test<br/>
User selected New Ride <br/>
Tacx New Ride screen is displayed with search bar<br/>
User clicked on Search bar to search for new location<br/>
</div>
</td>
<td></td>
<td>3</td>
<td>tests.SmokeValidRegisteredTest@1e9e725a</td></tr>
<tr>
<td title='tests.SmokeValidRegisteredTest.NewTripValidation()'><b>NewTripValidation</b><br>Test class: tests.SmokeValidRegisteredTest<br/>
<a href="#Output-15024899" onClick='toggleBox("Output-15024899", this, "Show output", "Hide output");'>Show output</a>

<a href="#Output-15024899" onClick="toggleAllBoxes();">Show all outputs</a>
<div class='log' id="Output-15024899">
New Trip validation Test<br/>
Start button is displayed<br/>
User Selected start button :Trip Started<br/>
Enabling bluetooth<br/>
Bluetooth is Enabled now<br/>
Permission required for location<br/>
Permission granted for Location<br/>
Permission granted for Location:Location Enabled<br/>
</div>
</td>
<td></td>
<td>14</td>
<td>tests.SmokeValidRegisteredTest@1e9e725a</td></tr>
<tr>
<td title='tests.SmokeValidRegisteredTest.TacxFeatureValidation()'><b>TacxFeatureValidation</b><br>Test class: tests.SmokeValidRegisteredTest<br/>
<a href="#Output-1957078537" onClick='toggleBox("Output-1957078537", this, "Show output", "Hide output");'>Show output</a>

<a href="#Output-1957078537" onClick="toggleAllBoxes();">Show all outputs</a>
<div class='log' id="Output-1957078537">
Tacx Feature validation Test<br/>
Power in Watt is :0124<br/>
Percentage value is :-0.9 %<br/>
Current Speed in KM/H is :32.3<br/>
RPM  value is :0<br/>
BPM value is :47<br/>
Calorie in KCAL is :25<br/>
Test Case caught an Exception :Failed<br/>
</div>
</td>
<td></td>
<td>267</td>
<td>tests.SmokeValidRegisteredTest@1e9e725a</td></tr>
</table><p>
</body>
</html>